mode: set
github.com\ITR13\Not-Lisp\mnl\parser.go:17.32,23.2 1 1
github.com\ITR13\Not-Lisp\mnl\parser.go:25.50,27.16 2 1
github.com\ITR13\Not-Lisp\mnl\parser.go:30.2,30.19 1 1
github.com\ITR13\Not-Lisp\mnl\parser.go:41.2,41.12 1 1
github.com\ITR13\Not-Lisp\mnl\parser.go:27.16,29.3 1 1
github.com\ITR13\Not-Lisp\mnl\parser.go:30.19,31.18 1 1
github.com\ITR13\Not-Lisp\mnl\parser.go:36.3,37.29 2 1
github.com\ITR13\Not-Lisp\mnl\parser.go:31.18,35.4 1 1
github.com\ITR13\Not-Lisp\mnl\parser.go:37.29,39.4 1 1
github.com\ITR13\Not-Lisp\mnl\parser.go:44.63,49.23 5 1
github.com\ITR13\Not-Lisp\mnl\parser.go:55.2,55.22 1 1
github.com\ITR13\Not-Lisp\mnl\parser.go:61.2,62.19 2 1
github.com\ITR13\Not-Lisp\mnl\parser.go:100.2,100.29 1 1
github.com\ITR13\Not-Lisp\mnl\parser.go:104.2,105.16 2 1
github.com\ITR13\Not-Lisp\mnl\parser.go:108.2,108.27 1 1
github.com\ITR13\Not-Lisp\mnl\parser.go:117.2,117.45 1 1
github.com\ITR13\Not-Lisp\mnl\parser.go:49.23,50.24 1 1
github.com\ITR13\Not-Lisp\mnl\parser.go:50.24,52.4 1 1
github.com\ITR13\Not-Lisp\mnl\parser.go:55.22,57.3 1 1
github.com\ITR13\Not-Lisp\mnl\parser.go:57.3,57.29 1 1
github.com\ITR13\Not-Lisp\mnl\parser.go:57.29,59.3 1 1
github.com\ITR13\Not-Lisp\mnl\parser.go:63.13,64.22 1 1
github.com\ITR13\Not-Lisp\mnl\parser.go:69.3,70.17 2 1
github.com\ITR13\Not-Lisp\mnl\parser.go:85.3,86.18 2 1
github.com\ITR13\Not-Lisp\mnl\parser.go:87.13,88.24 1 1
github.com\ITR13\Not-Lisp\mnl\parser.go:89.13,90.24 1 1
github.com\ITR13\Not-Lisp\mnl\parser.go:91.15,92.24 1 1
github.com\ITR13\Not-Lisp\mnl\parser.go:93.10,98.4 1 0
github.com\ITR13\Not-Lisp\mnl\parser.go:64.22,66.4 1 1
github.com\ITR13\Not-Lisp\mnl\parser.go:66.4,66.29 1 1
github.com\ITR13\Not-Lisp\mnl\parser.go:66.29,68.4 1 1
github.com\ITR13\Not-Lisp\mnl\parser.go:70.17,76.4 1 1
github.com\ITR13\Not-Lisp\mnl\parser.go:76.4,76.20 1 1
github.com\ITR13\Not-Lisp\mnl\parser.go:76.20,83.4 1 1
github.com\ITR13\Not-Lisp\mnl\parser.go:100.29,101.25 1 0
github.com\ITR13\Not-Lisp\mnl\parser.go:105.16,107.3 1 1
github.com\ITR13\Not-Lisp\mnl\parser.go:108.27,115.3 1 1
github.com\ITR13\Not-Lisp\mnl\parser.go:124.30,131.38 4 1
github.com\ITR13\Not-Lisp\mnl\parser.go:242.2,242.33 1 1
github.com\ITR13\Not-Lisp\mnl\parser.go:131.38,132.28 1 1
github.com\ITR13\Not-Lisp\mnl\parser.go:141.3,142.9 2 1
github.com\ITR13\Not-Lisp\mnl\parser.go:148.3,149.17 2 1
github.com\ITR13\Not-Lisp\mnl\parser.go:164.3,167.26 3 1
github.com\ITR13\Not-Lisp\mnl\parser.go:178.3,178.25 1 1
github.com\ITR13\Not-Lisp\mnl\parser.go:132.28,139.4 1 1
github.com\ITR13\Not-Lisp\mnl\parser.go:142.9,145.12 3 1
github.com\ITR13\Not-Lisp\mnl\parser.go:149.17,150.16 1 1
github.com\ITR13\Not-Lisp\mnl\parser.go:159.4,161.12 3 1
github.com\ITR13\Not-Lisp\mnl\parser.go:150.16,158.5 1 1
github.com\ITR13\Not-Lisp\mnl\parser.go:167.26,168.57 1 1
github.com\ITR13\Not-Lisp\mnl\parser.go:168.57,170.19 2 1
github.com\ITR13\Not-Lisp\mnl\parser.go:173.5,174.21 2 1
github.com\ITR13\Not-Lisp\mnl\parser.go:170.19,172.6 1 1
github.com\ITR13\Not-Lisp\mnl\parser.go:179.14,180.31 1 1
github.com\ITR13\Not-Lisp\mnl\parser.go:188.4,189.18 2 1
github.com\ITR13\Not-Lisp\mnl\parser.go:207.4,208.18 2 1
github.com\ITR13\Not-Lisp\mnl\parser.go:211.4,211.46 1 1
github.com\ITR13\Not-Lisp\mnl\parser.go:212.15,214.18 2 1
github.com\ITR13\Not-Lisp\mnl\parser.go:217.4,217.51 1 1
github.com\ITR13\Not-Lisp\mnl\parser.go:218.15,220.18 2 0
github.com\ITR13\Not-Lisp\mnl\parser.go:223.4,223.50 1 0
github.com\ITR13\Not-Lisp\mnl\parser.go:224.14,226.18 2 1
github.com\ITR13\Not-Lisp\mnl\parser.go:229.4,229.46 1 1
github.com\ITR13\Not-Lisp\mnl\parser.go:230.15,232.36 2 1
github.com\ITR13\Not-Lisp\mnl\parser.go:233.11,238.5 1 1
github.com\ITR13\Not-Lisp\mnl\parser.go:180.31,187.5 1 0
github.com\ITR13\Not-Lisp\mnl\parser.go:189.18,197.5 1 0
github.com\ITR13\Not-Lisp\mnl\parser.go:197.5,197.20 1 1
github.com\ITR13\Not-Lisp\mnl\parser.go:197.20,205.5 1 0
github.com\ITR13\Not-Lisp\mnl\parser.go:208.18,210.5 1 0
github.com\ITR13\Not-Lisp\mnl\parser.go:214.18,216.5 1 0
github.com\ITR13\Not-Lisp\mnl\parser.go:220.18,222.5 1 0
github.com\ITR13\Not-Lisp\mnl\parser.go:226.18,228.5 1 0
github.com\ITR13\Not-Lisp\mnl\parser.go:245.49,247.28 2 1
github.com\ITR13\Not-Lisp\mnl\parser.go:250.2,250.17 1 1
github.com\ITR13\Not-Lisp\mnl\parser.go:247.28,249.3 1 1
github.com\ITR13\Not-Lisp\mnl\parser.go:250.17,252.3 1 1
github.com\ITR13\Not-Lisp\mnl\parser.go:252.3,254.3 1 0
github.com\ITR13\Not-Lisp\mnl\types.go:27.43,28.30 1 0
github.com\ITR13\Not-Lisp\mnl\types.go:31.34,32.16 1 1
github.com\ITR13\Not-Lisp\mnl\types.go:49.2,49.61 1 0
github.com\ITR13\Not-Lisp\mnl\types.go:33.13,38.7 1 1
github.com\ITR13\Not-Lisp\mnl\types.go:39.13,44.8 1 1
github.com\ITR13\Not-Lisp\mnl\types.go:45.15,47.42 1 1
github.com\ITR13\Not-Lisp\mnl\types.go:61.57,62.30 1 0
github.com\ITR13\Not-Lisp\mnl\types.go:65.34,66.18 1 1
github.com\ITR13\Not-Lisp\mnl\types.go:71.2,71.68 1 1
github.com\ITR13\Not-Lisp\mnl\types.go:66.18,68.3 1 1
github.com\ITR13\Not-Lisp\mnl\types.go:68.3,68.26 1 1
github.com\ITR13\Not-Lisp\mnl\types.go:68.26,70.3 1 0
github.com\ITR13\Not-Lisp\mnl\types.go:79.55,80.30 1 0
github.com\ITR13\Not-Lisp\mnl\types.go:83.32,84.24 1 1
github.com\ITR13\Not-Lisp\mnl\types.go:93.2,93.74 1 1
github.com\ITR13\Not-Lisp\mnl\types.go:84.24,85.27 1 1
github.com\ITR13\Not-Lisp\mnl\types.go:88.3,88.42 1 1
github.com\ITR13\Not-Lisp\mnl\types.go:85.27,87.4 1 1
github.com\ITR13\Not-Lisp\mnl\types.go:89.3,89.32 1 1
github.com\ITR13\Not-Lisp\mnl\types.go:89.32,92.3 1 1
github.com\ITR13\Not-Lisp\mnl\types.go:101.55,102.30 1 0
github.com\ITR13\Not-Lisp\mnl\types.go:105.32,106.14 1 1
github.com\ITR13\Not-Lisp\mnl\types.go:115.2,121.6 1 1
github.com\ITR13\Not-Lisp\mnl\types.go:106.14,114.3 1 0
github.com\ITR13\Not-Lisp\mnl\types.go:128.57,129.30 1 0
github.com\ITR13\Not-Lisp\mnl\types.go:132.34,138.2 1 1
github.com\ITR13\Not-Lisp\mnl\types.go:145.54,146.30 1 0
github.com\ITR13\Not-Lisp\mnl\types.go:149.31,153.2 1 1
github.com\ITR13\Not-Lisp\mnl\types.go:157.55,158.30 1 0
github.com\ITR13\Not-Lisp\mnl\types.go:161.32,163.2 1 1
