mode: set
github.com\ITR13\Not-Lisp\interpreter\parser.go:21.30,25.2 3 0
github.com\ITR13\Not-Lisp\interpreter\parser.go:27.28,33.22 5 1
github.com\ITR13\Not-Lisp\interpreter\parser.go:65.2,65.15 1 1
github.com\ITR13\Not-Lisp\interpreter\parser.go:71.2,71.17 1 1
github.com\ITR13\Not-Lisp\interpreter\parser.go:75.2,75.13 1 1
github.com\ITR13\Not-Lisp\interpreter\parser.go:33.22,35.16 2 1
github.com\ITR13\Not-Lisp\interpreter\parser.go:35.16,37.13 2 1
github.com\ITR13\Not-Lisp\interpreter\parser.go:44.4,44.18 1 1
github.com\ITR13\Not-Lisp\interpreter\parser.go:38.13,39.12 1 1
github.com\ITR13\Not-Lisp\interpreter\parser.go:40.13,42.11 2 1
github.com\ITR13\Not-Lisp\interpreter\parser.go:44.18,46.20 2 1
github.com\ITR13\Not-Lisp\interpreter\parser.go:46.20,50.6 3 0
github.com\ITR13\Not-Lisp\interpreter\parser.go:52.4,53.13 1 1
github.com\ITR13\Not-Lisp\interpreter\parser.go:54.13,56.28 2 1
github.com\ITR13\Not-Lisp\interpreter\parser.go:57.13,60.15 3 0
github.com\ITR13\Not-Lisp\interpreter\parser.go:65.15,69.3 3 0
github.com\ITR13\Not-Lisp\interpreter\parser.go:71.17,73.3 1 1
github.com\ITR13\Not-Lisp\interpreter\parser.go:78.41,79.17 1 1
github.com\ITR13\Not-Lisp\interpreter\parser.go:83.2,83.27 1 1
github.com\ITR13\Not-Lisp\interpreter\parser.go:97.2,97.20 1 1
github.com\ITR13\Not-Lisp\interpreter\parser.go:120.2,120.24 1 0
github.com\ITR13\Not-Lisp\interpreter\parser.go:79.17,81.3 1 1
github.com\ITR13\Not-Lisp\interpreter\parser.go:83.27,86.14 2 1
github.com\ITR13\Not-Lisp\interpreter\parser.go:90.3,91.28 2 1
github.com\ITR13\Not-Lisp\interpreter\parser.go:86.14,88.4 1 0
github.com\ITR13\Not-Lisp\interpreter\parser.go:91.28,94.4 1 1
github.com\ITR13\Not-Lisp\interpreter\parser.go:98.20,99.27 1 1
github.com\ITR13\Not-Lisp\interpreter\parser.go:103.3,103.34 1 1
github.com\ITR13\Not-Lisp\interpreter\parser.go:104.15,105.47 1 1
github.com\ITR13\Not-Lisp\interpreter\parser.go:106.15,107.26 1 1
github.com\ITR13\Not-Lisp\interpreter\parser.go:118.3,118.14 1 1
github.com\ITR13\Not-Lisp\interpreter\parser.go:99.27,101.4 1 1
github.com\ITR13\Not-Lisp\interpreter\parser.go:107.26,109.15 2 1
github.com\ITR13\Not-Lisp\interpreter\parser.go:112.4,114.16 3 1
github.com\ITR13\Not-Lisp\interpreter\parser.go:109.15,111.5 1 0
github.com\ITR13\Not-Lisp\interpreter\parser.go:115.4,117.4 1 1
github.com\ITR13\Not-Lisp\interpreter\parser.go:123.28,124.17 1 1
github.com\ITR13\Not-Lisp\interpreter\parser.go:127.2,127.27 1 1
github.com\ITR13\Not-Lisp\interpreter\parser.go:131.2,132.28 2 1
github.com\ITR13\Not-Lisp\interpreter\parser.go:149.2,149.10 1 0
github.com\ITR13\Not-Lisp\interpreter\parser.go:124.17,126.3 1 0
github.com\ITR13\Not-Lisp\interpreter\parser.go:127.27,129.3 1 1
github.com\ITR13\Not-Lisp\interpreter\parser.go:132.28,133.29 1 1
github.com\ITR13\Not-Lisp\interpreter\parser.go:140.3,140.27 1 1
github.com\ITR13\Not-Lisp\interpreter\parser.go:143.3,145.18 3 1
github.com\ITR13\Not-Lisp\interpreter\parser.go:133.29,136.19 3 1
github.com\ITR13\Not-Lisp\interpreter\parser.go:136.19,138.5 1 0
github.com\ITR13\Not-Lisp\interpreter\parser.go:140.27,142.4 1 1
github.com\ITR13\Not-Lisp\interpreter\parser.go:145.18,147.4 1 0
github.com\ITR13\Not-Lisp\interpreter\parser.go:152.33,155.26 3 1
github.com\ITR13\Not-Lisp\interpreter\parser.go:169.2,169.32 1 1
github.com\ITR13\Not-Lisp\interpreter\parser.go:155.26,156.12 1 1
github.com\ITR13\Not-Lisp\interpreter\parser.go:162.3,162.17 1 1
github.com\ITR13\Not-Lisp\interpreter\parser.go:157.12,158.11 1 1
github.com\ITR13\Not-Lisp\interpreter\parser.go:159.12,160.11 1 1
github.com\ITR13\Not-Lisp\interpreter\parser.go:162.17,163.14 1 1
github.com\ITR13\Not-Lisp\interpreter\parser.go:166.4,166.17 1 1
github.com\ITR13\Not-Lisp\interpreter\parser.go:163.14,164.49 1 0
github.com\ITR13\Not-Lisp\interpreter\parser.go:172.31,175.52 2 1
github.com\ITR13\Not-Lisp\interpreter\parser.go:179.2,179.28 1 1
github.com\ITR13\Not-Lisp\interpreter\parser.go:189.2,193.26 1 0
github.com\ITR13\Not-Lisp\interpreter\parser.go:175.52,177.3 1 1
github.com\ITR13\Not-Lisp\interpreter\parser.go:179.28,180.27 1 1
github.com\ITR13\Not-Lisp\interpreter\parser.go:186.3,187.10 2 1
github.com\ITR13\Not-Lisp\interpreter\parser.go:180.27,185.4 1 1
github.com\ITR13\Not-Lisp\interpreter\scope.go:8.38,11.8 2 1
github.com\ITR13\Not-Lisp\interpreter\scope.go:14.2,14.26 1 1
github.com\ITR13\Not-Lisp\interpreter\scope.go:11.8,13.3 1 1
github.com\ITR13\Not-Lisp\interpreter\scope.go:17.26,20.9 2 1
github.com\ITR13\Not-Lisp\interpreter\scope.go:23.2,24.26 2 1
github.com\ITR13\Not-Lisp\interpreter\scope.go:20.9,21.50 1 0
github.com\ITR13\Not-Lisp\interpreter\utils.go:8.41,10.22 2 0
github.com\ITR13\Not-Lisp\interpreter\utils.go:16.2,16.19 1 0
github.com\ITR13\Not-Lisp\interpreter\utils.go:10.22,11.14 1 0
github.com\ITR13\Not-Lisp\interpreter\utils.go:11.14,13.4 1 0
github.com\ITR13\Not-Lisp\interpreter\utils.go:16.19,17.18 1 0
github.com\ITR13\Not-Lisp\interpreter\utils.go:17.18,19.9 2 0
github.com\ITR13\Not-Lisp\interpreter\utils.go:20.4,22.4 1 0
